12:06:56.755 [main] INFO  com.solvd.laba.lecture2.app.Main - Application started.
12:06:56.762 [main] INFO  com.solvd.laba.lecture2.app.Main - Project Cost: 10180.0
12:06:56.762 [main] INFO  com.solvd.laba.lecture2.app.Main - Project Information:
12:06:56.762 [main] INFO  com.solvd.laba.lecture2.app.Main - Project Name: Project Name
Project Description: Project Description
Project Size: MEDIUM
Customer: Customer Name
Due Date: null
Completion Date: null

12:06:56.762 [main] INFO  com.solvd.laba.lecture2.app.Main - Search Results for 'Dev':
12:06:56.763 [main] INFO  com.solvd.laba.lecture2.app.Main - Developer: Dev 1, Salary: 1300.0
12:06:56.763 [main] INFO  com.solvd.laba.lecture2.app.Main - Developer: Dev 2, Salary: 1620.0
12:06:56.763 [main] INFO  com.solvd.laba.lecture2.app.Main - Monthly Service Cost for Customer 1: $300.0
12:06:56.767 [main] INFO  com.solvd.laba.lecture2.app.Main - Customer Information:
Name: Customer Name
Email: customer@email.com
Phone Number: 123-456-789
Monthly Service Cost: $300.0
12:06:56.767 [main] INFO  com.solvd.laba.lecture2.app.Main - 
Updated Team Members:
12:06:56.767 [main] INFO  com.solvd.laba.lecture2.app.Main - Developer: Dev 2, Salary: 1620.0
12:06:56.767 [main] INFO  com.solvd.laba.lecture2.app.Main - Tester: Tester, Salary: 1000.0
12:06:56.767 [main] INFO  com.solvd.laba.lecture2.app.Main - Project Manager: Project Manager, Salary: 2200.0
12:06:56.768 [main] INFO  com.solvd.laba.lecture2.app.Main - Evaluate Performance for Developer 1: 4.0
12:06:56.768 [main] INFO  com.solvd.laba.lecture2.app.Main - Evaluate Performance for Developer 2: 3.0
12:06:56.768 [main] INFO  com.solvd.laba.lecture2.app.Main - Evaluate Performance for Project Manager: 5.0
12:06:56.768 [main] INFO  com.solvd.laba.lecture2.app.Main - Evaluate Performance for Tester: 4.0
12:06:56.771 [main] INFO  com.solvd.laba.lecture2.app.Main - Current projects: 1
12:06:56.771 [main] INFO  com.solvd.laba.lecture2.app.Main - Application completed.
12:07:47.956 [main] INFO  com.solvd.laba.lecture2.app.Main - Application started.
12:07:47.967 [main] INFO  com.solvd.laba.lecture2.app.Main - Project Cost: 10180.0
12:07:47.967 [main] INFO  com.solvd.laba.lecture2.app.Main - Project Information:
12:07:47.967 [main] INFO  com.solvd.laba.lecture2.app.Main - Project Name: Project Name
Project Description: Project Description
Project Size: MEDIUM
Customer: Customer Name
Due Date: null
Completion Date: null

12:07:47.967 [main] INFO  com.solvd.laba.lecture2.app.Main - Search Results for 'Dev':
12:07:47.968 [main] INFO  com.solvd.laba.lecture2.app.Main - Developer: Dev 1, Salary: 1300.0
12:07:47.968 [main] INFO  com.solvd.laba.lecture2.app.Main - Developer: Dev 2, Salary: 1620.0
12:07:47.969 [main] INFO  com.solvd.laba.lecture2.app.Main - Monthly Service Cost for Customer 1: $300.0
12:07:47.974 [main] INFO  com.solvd.laba.lecture2.app.Main - Customer Information:
Name: Customer Name
Email: customer@email.com
Phone Number: 123-456-789
Monthly Service Cost: $300.0
12:07:47.975 [main] INFO  com.solvd.laba.lecture2.app.Main - 
Updated Team Members:
12:07:47.975 [main] INFO  com.solvd.laba.lecture2.app.Main - Developer: Dev 2, Salary: 1620.0
12:07:47.975 [main] INFO  com.solvd.laba.lecture2.app.Main - Tester: Tester, Salary: 1000.0
12:07:47.975 [main] INFO  com.solvd.laba.lecture2.app.Main - Project Manager: Project Manager, Salary: 2200.0
12:07:47.975 [main] INFO  com.solvd.laba.lecture2.app.Main - Evaluate Performance for Developer 1: 4.0
12:07:47.976 [main] INFO  com.solvd.laba.lecture2.app.Main - Evaluate Performance for Developer 2: 3.0
12:07:47.976 [main] INFO  com.solvd.laba.lecture2.app.Main - Evaluate Performance for Project Manager: 5.0
12:07:47.976 [main] INFO  com.solvd.laba.lecture2.app.Main - Evaluate Performance for Tester: 4.0
12:07:47.981 [main] INFO  com.solvd.laba.lecture2.app.Main - Current projects: 1
12:07:47.981 [main] INFO  com.solvd.laba.lecture2.app.Main - Application completed.
12:49:47.736 [main] INFO  com.solvd.laba.lecture2.app.Main - Application started.
12:49:47.744 [main] INFO  com.solvd.laba.lecture2.app.Main - Project Cost: 10180.0
12:49:47.744 [main] INFO  com.solvd.laba.lecture2.app.Main - Project Information:
12:49:47.744 [main] INFO  com.solvd.laba.lecture2.app.Main - Project Name: Project Name
Project Description: Project Description
Project Size: MEDIUM
Customer: Customer Name
Due Date: null
Completion Date: null

12:49:47.745 [main] INFO  com.solvd.laba.lecture2.app.Main - Search Results for 'Dev':
12:49:47.745 [main] INFO  com.solvd.laba.lecture2.app.Main - Developer: Dev 1, Salary: 1300.0
12:49:47.745 [main] INFO  com.solvd.laba.lecture2.app.Main - Developer: Dev 2, Salary: 1620.0
12:49:47.745 [main] INFO  com.solvd.laba.lecture2.app.Main - Monthly Service Cost for Customer 1: $300.0
12:49:47.750 [main] INFO  com.solvd.laba.lecture2.app.Main - Customer Information:
Name: Customer Name
Email: customer@email.com
Phone Number: 123-456-789
Monthly Service Cost: $300.0
12:49:47.750 [main] INFO  com.solvd.laba.lecture2.app.Main - 
Updated Team Members:
12:49:47.750 [main] INFO  com.solvd.laba.lecture2.app.Main - Developer: Dev 2, Salary: 1620.0
12:49:47.751 [main] INFO  com.solvd.laba.lecture2.app.Main - Tester: Tester, Salary: 1000.0
12:49:47.751 [main] INFO  com.solvd.laba.lecture2.app.Main - Project Manager: Project Manager, Salary: 2200.0
12:49:47.751 [main] INFO  com.solvd.laba.lecture2.app.Main - Evaluate Performance for Developer 1: 4.0
12:49:47.751 [main] INFO  com.solvd.laba.lecture2.app.Main - Evaluate Performance for Developer 2: 3.0
12:49:47.751 [main] INFO  com.solvd.laba.lecture2.app.Main - Evaluate Performance for Project Manager: 5.0
12:49:47.752 [main] INFO  com.solvd.laba.lecture2.app.Main - Evaluate Performance for Tester: 4.0
12:49:47.755 [main] INFO  com.solvd.laba.lecture2.app.Main - Current projects: 1
12:49:47.755 [main] INFO  com.solvd.laba.lecture2.app.Main - Application completed.
13:15:16.249 [main] INFO  com.solvd.laba.lecture2.app.Main - Application started.
13:15:16.257 [main] INFO  com.solvd.laba.lecture2.app.Main - Project Cost: 10180.0
13:15:16.258 [main] INFO  com.solvd.laba.lecture2.app.Main - Project Information:
13:15:16.258 [main] INFO  com.solvd.laba.lecture2.app.Main - Project Name: Project Name
Project Description: Project Description
Project Size: MEDIUM
Customer: Customer Name
Due Date: null
Completion Date: null

13:15:16.258 [main] INFO  com.solvd.laba.lecture2.app.Main - Search Results for 'Dev':
13:15:16.258 [main] INFO  com.solvd.laba.lecture2.app.Main - Developer: Dev 1, Salary: 1300.0
13:15:16.258 [main] INFO  com.solvd.laba.lecture2.app.Main - Developer: Dev 2, Salary: 1620.0
13:15:16.259 [main] INFO  com.solvd.laba.lecture2.app.Main - Monthly Service Cost for Customer 1: $300.0
13:15:16.264 [main] INFO  com.solvd.laba.lecture2.app.Main - Customer Information:
Name: Customer Name
Email: customer@email.com
Phone Number: 123-456-789
Monthly Service Cost: $300.0
13:15:16.264 [main] INFO  com.solvd.laba.lecture2.app.Main - 
Updated Team Members:
13:15:16.264 [main] INFO  com.solvd.laba.lecture2.app.Main - Developer: Dev 2, Salary: 1620.0
13:15:16.264 [main] INFO  com.solvd.laba.lecture2.app.Main - Tester: Tester, Salary: 1000.0
13:15:16.264 [main] INFO  com.solvd.laba.lecture2.app.Main - Project Manager: Project Manager, Salary: 2200.0
13:15:16.265 [main] INFO  com.solvd.laba.lecture2.app.Main - Evaluate Performance for Developer 1: 4.0
13:15:16.265 [main] INFO  com.solvd.laba.lecture2.app.Main - Evaluate Performance for Developer 2: 3.0
13:15:16.265 [main] INFO  com.solvd.laba.lecture2.app.Main - Evaluate Performance for Project Manager: 5.0
13:15:16.266 [main] INFO  com.solvd.laba.lecture2.app.Main - Evaluate Performance for Tester: 4.0
13:15:16.269 [main] INFO  com.solvd.laba.lecture2.app.Main - Current projects: 1
13:15:16.270 [main] INFO  com.solvd.laba.lecture2.app.Main - Application completed.
13:25:51.825 [main] INFO  com.solvd.laba.lecture2.app.Main - Application started.
13:25:51.834 [main] INFO  com.solvd.laba.lecture2.app.Main - Project Cost: 10180.0
13:25:51.834 [main] INFO  com.solvd.laba.lecture2.app.Main - Project Information:
13:25:51.834 [main] INFO  com.solvd.laba.lecture2.app.Main - Project Name: Project Name
Project Description: Project Description
Project Size: MEDIUM
Customer: Customer Name
Due Date: null
Completion Date: null

13:25:51.835 [main] INFO  com.solvd.laba.lecture2.app.Main - Search Results for 'Dev':
13:25:51.835 [main] INFO  com.solvd.laba.lecture2.app.Main - Developer: Dev 1, Salary: 1300.0
13:25:51.835 [main] INFO  com.solvd.laba.lecture2.app.Main - Developer: Dev 2, Salary: 1620.0
13:25:51.836 [main] INFO  com.solvd.laba.lecture2.app.Main - Monthly Service Cost for Customer 1: $300.0
13:25:51.840 [main] INFO  com.solvd.laba.lecture2.app.Main - Customer Information:
Name: Customer Name
Email: customer@email.com
Phone Number: 123-456-789
Monthly Service Cost: $300.0
13:25:51.840 [main] INFO  com.solvd.laba.lecture2.app.Main - 
Updated Team Members:
13:25:51.840 [main] INFO  com.solvd.laba.lecture2.app.Main - Developer: Dev 2, Salary: 1620.0
13:25:51.840 [main] INFO  com.solvd.laba.lecture2.app.Main - Tester: Tester, Salary: 1000.0
13:25:51.841 [main] INFO  com.solvd.laba.lecture2.app.Main - Project Manager: Project Manager, Salary: 2200.0
13:25:51.841 [main] INFO  com.solvd.laba.lecture2.app.Main - Evaluate Performance for Developer 1: 4.0
13:25:51.841 [main] INFO  com.solvd.laba.lecture2.app.Main - Evaluate Performance for Developer 2: 3.0
13:25:51.841 [main] INFO  com.solvd.laba.lecture2.app.Main - Evaluate Performance for Project Manager: 5.0
13:25:51.842 [main] INFO  com.solvd.laba.lecture2.app.Main - Evaluate Performance for Tester: 4.0
13:25:51.846 [main] INFO  com.solvd.laba.lecture2.app.Main - Current projects: 1
13:25:51.846 [main] INFO  com.solvd.laba.lecture2.app.Main - Application completed.
14:34:33.520 [main] INFO  com.solvd.laba.lecture2.app.Main - Application started.
14:34:33.545 [main] INFO  com.solvd.laba.lecture2.app.Main - Project Cost: 10180.0
14:34:33.545 [main] INFO  com.solvd.laba.lecture2.app.Main - Project Information:
14:34:33.546 [main] INFO  com.solvd.laba.lecture2.app.Main - Project Name: Project Name
Project Description: Project Description
Project Size: MEDIUM
Customer: null
Due Date: null
Completion Date: null

14:34:33.547 [main] INFO  com.solvd.laba.lecture2.app.Main - Search Results for 'Dev':
14:34:33.547 [main] INFO  com.solvd.laba.lecture2.app.Main - Developer: Dev 1, Salary: 1300.0
14:34:33.547 [main] INFO  com.solvd.laba.lecture2.app.Main - Developer: Dev 2, Salary: 1620.0
14:34:33.548 [main] INFO  com.solvd.laba.lecture2.app.Main - Monthly Service Cost for Customer 1: $300.0
14:34:33.556 [main] INFO  com.solvd.laba.lecture2.app.Main - Customer Information:
Name: null
Email: null
Phone Number: null
Monthly Service Cost: $300.0
14:34:33.557 [main] INFO  com.solvd.laba.lecture2.app.Main - 
Updated Team Members:
14:34:33.557 [main] INFO  com.solvd.laba.lecture2.app.Main - Developer: Dev 2, Salary: 1620.0
14:34:33.557 [main] INFO  com.solvd.laba.lecture2.app.Main - Tester: Tester, Salary: 1000.0
14:34:33.557 [main] INFO  com.solvd.laba.lecture2.app.Main - Project Manager: Project Manager, Salary: 2200.0
14:34:33.557 [main] INFO  com.solvd.laba.lecture2.app.Main - Evaluate Performance for Developer 1: 4.0
14:34:33.558 [main] INFO  com.solvd.laba.lecture2.app.Main - Evaluate Performance for Developer 2: 3.0
14:34:33.558 [main] INFO  com.solvd.laba.lecture2.app.Main - Evaluate Performance for Project Manager: 5.0
14:34:33.558 [main] INFO  com.solvd.laba.lecture2.app.Main - Evaluate Performance for Tester: 4.0
14:34:33.564 [main] INFO  com.solvd.laba.lecture2.app.Main - Current projects: 1
14:34:33.565 [main] INFO  com.solvd.laba.lecture2.app.Main - Application completed.
14:36:24.130 [main] INFO  com.solvd.laba.lecture2.app.Main - Application started.
14:36:24.140 [main] INFO  com.solvd.laba.lecture2.app.Main - Project Cost: 10180.0
14:36:24.141 [main] INFO  com.solvd.laba.lecture2.app.Main - Project Information:
14:36:24.141 [main] INFO  com.solvd.laba.lecture2.app.Main - Project Name: Project Name
Project Description: Project Description
Project Size: MEDIUM
Customer: null
Due Date: null
Completion Date: null

14:36:24.142 [main] INFO  com.solvd.laba.lecture2.app.Main - Search Results for 'Dev':
14:36:24.142 [main] INFO  com.solvd.laba.lecture2.app.Main - Developer: Dev 1, Salary: 1300.0
14:36:24.142 [main] INFO  com.solvd.laba.lecture2.app.Main - Developer: Dev 2, Salary: 1620.0
14:36:24.143 [main] INFO  com.solvd.laba.lecture2.app.Main - Monthly Service Cost for Customer 1: $300.0
14:36:24.152 [main] INFO  com.solvd.laba.lecture2.app.Main - Customer Information:
Name: null
Email: null
Phone Number: null
Monthly Service Cost: $300.0
14:36:24.152 [main] INFO  com.solvd.laba.lecture2.app.Main - 
Updated Team Members:
14:36:24.152 [main] INFO  com.solvd.laba.lecture2.app.Main - Developer: Dev 2, Salary: 1620.0
14:36:24.152 [main] INFO  com.solvd.laba.lecture2.app.Main - Tester: Tester, Salary: 1000.0
14:36:24.152 [main] INFO  com.solvd.laba.lecture2.app.Main - Project Manager: Project Manager, Salary: 2200.0
14:36:24.152 [main] INFO  com.solvd.laba.lecture2.app.Main - Evaluate Performance for Developer 1: 4.0
14:36:24.153 [main] INFO  com.solvd.laba.lecture2.app.Main - Evaluate Performance for Developer 2: 3.0
14:36:24.153 [main] INFO  com.solvd.laba.lecture2.app.Main - Evaluate Performance for Project Manager: 5.0
14:36:24.153 [main] INFO  com.solvd.laba.lecture2.app.Main - Evaluate Performance for Tester: 4.0
14:36:24.157 [main] INFO  com.solvd.laba.lecture2.app.Main - Current projects: 1
14:36:24.157 [main] INFO  com.solvd.laba.lecture2.app.Main - Application completed.
14:37:30.673 [main] INFO  com.solvd.laba.lecture2.app.Main - Application started.
14:37:30.682 [main] INFO  com.solvd.laba.lecture2.app.Main - Project Cost: 10180.0
14:37:30.682 [main] INFO  com.solvd.laba.lecture2.app.Main - Project Information:
14:37:30.682 [main] INFO  com.solvd.laba.lecture2.app.Main - Project Name: Project Name
Project Description: Project Description
Project Size: MEDIUM
Customer: null
Due Date: null
Completion Date: null

14:37:30.683 [main] INFO  com.solvd.laba.lecture2.app.Main - Search Results for 'Dev':
14:37:30.683 [main] INFO  com.solvd.laba.lecture2.app.Main - Developer: Dev 1, Salary: 1300.0
14:37:30.683 [main] INFO  com.solvd.laba.lecture2.app.Main - Developer: Dev 2, Salary: 1620.0
14:37:30.683 [main] INFO  com.solvd.laba.lecture2.app.Main - Monthly Service Cost for Customer 1: $300.0
14:37:30.687 [main] INFO  com.solvd.laba.lecture2.app.Main - Customer Information:
Name: null
Email: null
Phone Number: null
Monthly Service Cost: $300.0
14:37:30.688 [main] INFO  com.solvd.laba.lecture2.app.Main - 
Updated Team Members:
14:37:30.688 [main] INFO  com.solvd.laba.lecture2.app.Main - Developer: Dev 2, Salary: 1620.0
14:37:30.688 [main] INFO  com.solvd.laba.lecture2.app.Main - Tester: Tester, Salary: 1000.0
14:37:30.688 [main] INFO  com.solvd.laba.lecture2.app.Main - Project Manager: Project Manager, Salary: 2200.0
14:37:30.688 [main] INFO  com.solvd.laba.lecture2.app.Main - Evaluate Performance for Developer 1: 4.0
14:37:30.689 [main] INFO  com.solvd.laba.lecture2.app.Main - Evaluate Performance for Developer 2: 3.0
14:37:30.689 [main] INFO  com.solvd.laba.lecture2.app.Main - Evaluate Performance for Project Manager: 5.0
14:37:30.689 [main] INFO  com.solvd.laba.lecture2.app.Main - Evaluate Performance for Tester: 4.0
14:37:30.693 [main] INFO  com.solvd.laba.lecture2.app.Main - Current projects: 1
14:37:30.693 [main] INFO  com.solvd.laba.lecture2.app.Main - Application completed.
14:39:10.802 [main] INFO  com.solvd.laba.lecture2.app.Main - Application started.
14:39:10.813 [main] INFO  com.solvd.laba.lecture2.app.Main - Project Cost: 10180.0
14:39:10.813 [main] INFO  com.solvd.laba.lecture2.app.Main - Project Information:
14:39:10.813 [main] INFO  com.solvd.laba.lecture2.app.Main - Project Name: Project Name
Project Description: Project Description
Project Size: MEDIUM
Customer: null
Due Date: null
Completion Date: null

14:39:10.813 [main] INFO  com.solvd.laba.lecture2.app.Main - Search Results for 'Dev':
14:39:10.813 [main] INFO  com.solvd.laba.lecture2.app.Main - Developer: Dev 1, Salary: 1300.0
14:39:10.814 [main] INFO  com.solvd.laba.lecture2.app.Main - Developer: Dev 2, Salary: 1620.0
14:39:10.814 [main] INFO  com.solvd.laba.lecture2.app.Main - Monthly Service Cost for Customer 1: $300.0
14:39:10.818 [main] INFO  com.solvd.laba.lecture2.app.Main - Customer Information:
Name: null
Email: null
Phone Number: null
Monthly Service Cost: $300.0
14:39:10.818 [main] INFO  com.solvd.laba.lecture2.app.Main - 
Updated Team Members:
14:39:10.819 [main] INFO  com.solvd.laba.lecture2.app.Main - Developer: Dev 2, Salary: 1620.0
14:39:10.819 [main] INFO  com.solvd.laba.lecture2.app.Main - Tester: Tester, Salary: 1000.0
14:39:10.819 [main] INFO  com.solvd.laba.lecture2.app.Main - Project Manager: Project Manager, Salary: 2200.0
14:39:10.819 [main] INFO  com.solvd.laba.lecture2.app.Main - Evaluate Performance for Developer 1: 4.0
14:39:10.819 [main] INFO  com.solvd.laba.lecture2.app.Main - Evaluate Performance for Developer 2: 3.0
14:39:10.820 [main] INFO  com.solvd.laba.lecture2.app.Main - Evaluate Performance for Project Manager: 5.0
14:39:10.820 [main] INFO  com.solvd.laba.lecture2.app.Main - Evaluate Performance for Tester: 4.0
14:39:10.823 [main] INFO  com.solvd.laba.lecture2.app.Main - Current projects: 1
14:39:10.824 [main] INFO  com.solvd.laba.lecture2.app.Main - Application completed.
14:39:40.714 [main] INFO  com.solvd.laba.lecture2.app.Main - Application started.
14:39:40.729 [main] INFO  com.solvd.laba.lecture2.app.Main - Project Cost: 10180.0
14:39:40.729 [main] INFO  com.solvd.laba.lecture2.app.Main - Project Information:
14:39:40.729 [main] INFO  com.solvd.laba.lecture2.app.Main - Project Name: Project Name
Project Description: Project Description
Project Size: MEDIUM
Customer: Bob Johnson
Due Date: null
Completion Date: null

14:39:40.729 [main] INFO  com.solvd.laba.lecture2.app.Main - Search Results for 'Dev':
14:39:40.729 [main] INFO  com.solvd.laba.lecture2.app.Main - Developer: Dev 1, Salary: 1300.0
14:39:40.729 [main] INFO  com.solvd.laba.lecture2.app.Main - Developer: Dev 2, Salary: 1620.0
14:39:40.730 [main] INFO  com.solvd.laba.lecture2.app.Main - Monthly Service Cost for Customer 1: $300.0
14:39:40.734 [main] INFO  com.solvd.laba.lecture2.app.Main - Customer Information:
Name: Bob Johnson
Email: bob.johnson@email.com
Phone Number: 555-123-456
Monthly Service Cost: $300.0
14:39:40.734 [main] INFO  com.solvd.laba.lecture2.app.Main - 
Updated Team Members:
14:39:40.734 [main] INFO  com.solvd.laba.lecture2.app.Main - Developer: Dev 2, Salary: 1620.0
14:39:40.734 [main] INFO  com.solvd.laba.lecture2.app.Main - Tester: Tester, Salary: 1000.0
14:39:40.734 [main] INFO  com.solvd.laba.lecture2.app.Main - Project Manager: Project Manager, Salary: 2200.0
14:39:40.734 [main] INFO  com.solvd.laba.lecture2.app.Main - Evaluate Performance for Developer 1: 4.0
14:39:40.734 [main] INFO  com.solvd.laba.lecture2.app.Main - Evaluate Performance for Developer 2: 3.0
14:39:40.735 [main] INFO  com.solvd.laba.lecture2.app.Main - Evaluate Performance for Project Manager: 5.0
14:39:40.735 [main] INFO  com.solvd.laba.lecture2.app.Main - Evaluate Performance for Tester: 4.0
14:39:40.739 [main] INFO  com.solvd.laba.lecture2.app.Main - Current projects: 1
14:39:40.739 [main] INFO  com.solvd.laba.lecture2.app.Main - Application completed.
14:59:45.199 [main] INFO  com.solvd.laba.lecture2.app.Main - Application started.
14:59:45.529 [main] INFO  com.solvd.laba.lecture2.app.Main - Project Cost: 10180.0
14:59:45.530 [main] INFO  com.solvd.laba.lecture2.app.Main - Project Information:
14:59:45.530 [main] INFO  com.solvd.laba.lecture2.app.Main - Project Name: Project Name
Project Description: Project Description
Project Size: MEDIUM
Customer: Bob Johnson
Due Date: null
Completion Date: null

14:59:45.531 [main] INFO  com.solvd.laba.lecture2.app.Main - Search Results for 'Dev':
14:59:45.531 [main] INFO  com.solvd.laba.lecture2.app.Main - Developer: Dev 1, Salary: 1300.0
14:59:45.532 [main] INFO  com.solvd.laba.lecture2.app.Main - Developer: Dev 2, Salary: 1620.0
14:59:45.534 [main] INFO  com.solvd.laba.lecture2.app.Main - Monthly Service Cost for Customer 1: $300.0
14:59:45.545 [main] INFO  com.solvd.laba.lecture2.app.Main - Customer Information:
Name: Bob Johnson
Email: bob.johnson@email.com
Phone Number: 555-123-456
Monthly Service Cost: $300.0
14:59:45.546 [main] INFO  com.solvd.laba.lecture2.app.Main - 
Updated Team Members:
14:59:45.546 [main] INFO  com.solvd.laba.lecture2.app.Main - Developer: Dev 2, Salary: 1620.0
14:59:45.546 [main] INFO  com.solvd.laba.lecture2.app.Main - Tester: Tester, Salary: 1000.0
14:59:45.547 [main] INFO  com.solvd.laba.lecture2.app.Main - Project Manager: Project Manager, Salary: 2200.0
14:59:45.547 [main] INFO  com.solvd.laba.lecture2.app.Main - Evaluate Performance for Developer 1: 4.0
14:59:45.548 [main] INFO  com.solvd.laba.lecture2.app.Main - Evaluate Performance for Developer 2: 3.0
14:59:45.548 [main] INFO  com.solvd.laba.lecture2.app.Main - Evaluate Performance for Project Manager: 5.0
14:59:45.549 [main] INFO  com.solvd.laba.lecture2.app.Main - Evaluate Performance for Tester: 4.0
14:59:45.691 [main] INFO  com.solvd.laba.lecture2.app.Main - Current projects: 1
14:59:45.692 [main] INFO  com.solvd.laba.lecture2.app.Main - Application completed.
15:03:58.605 [main] INFO  com.solvd.laba.lecture2.app.Main - Application started.
15:03:58.850 [main] INFO  com.solvd.laba.lecture2.app.Main - Project Cost: 10180.0
15:03:58.850 [main] INFO  com.solvd.laba.lecture2.app.Main - Project Information:
15:03:58.850 [main] INFO  com.solvd.laba.lecture2.app.Main - Project Name: Project Name
Project Description: Project Description
Project Size: MEDIUM
Customer: John Doe
Due Date: null
Completion Date: null

15:03:58.850 [main] INFO  com.solvd.laba.lecture2.app.Main - Search Results for 'Dev':
15:03:58.850 [main] INFO  com.solvd.laba.lecture2.app.Main - Developer: Dev 1, Salary: 1300.0
15:03:58.850 [main] INFO  com.solvd.laba.lecture2.app.Main - Developer: Dev 2, Salary: 1620.0
15:03:58.851 [main] INFO  com.solvd.laba.lecture2.app.Main - Monthly Service Cost for Customer 1: $300.0
15:03:58.854 [main] INFO  com.solvd.laba.lecture2.app.Main - Customer Information:
Name: John Doe
Email: john.doe@email.com
Phone Number: 123-456-789
Monthly Service Cost: $300.0
15:03:58.854 [main] INFO  com.solvd.laba.lecture2.app.Main - 
Updated Team Members:
15:03:58.854 [main] INFO  com.solvd.laba.lecture2.app.Main - Developer: Dev 2, Salary: 1620.0
15:03:58.855 [main] INFO  com.solvd.laba.lecture2.app.Main - Tester: Tester, Salary: 1000.0
15:03:58.855 [main] INFO  com.solvd.laba.lecture2.app.Main - Project Manager: Project Manager, Salary: 2200.0
15:03:58.855 [main] INFO  com.solvd.laba.lecture2.app.Main - Evaluate Performance for Developer 1: 4.0
15:03:58.855 [main] INFO  com.solvd.laba.lecture2.app.Main - Evaluate Performance for Developer 2: 3.0
15:03:58.855 [main] INFO  com.solvd.laba.lecture2.app.Main - Evaluate Performance for Project Manager: 5.0
15:03:58.855 [main] INFO  com.solvd.laba.lecture2.app.Main - Evaluate Performance for Tester: 4.0
15:03:58.858 [main] INFO  com.solvd.laba.lecture2.app.Main - Current projects: 1
15:03:58.859 [main] INFO  com.solvd.laba.lecture2.app.Main - Application completed.
16:04:43.067 [main] INFO  com.solvd.laba.lecture2.app.Main - Application started.
16:04:43.076 [main] INFO  com.solvd.laba.lecture2.app.Main - Project Cost: 10180.0
16:04:43.076 [main] INFO  com.solvd.laba.lecture2.app.Main - Project Information:
16:04:43.076 [main] INFO  com.solvd.laba.lecture2.app.Main - Project Name: Project Name
Project Description: Project Description
Project Size: MEDIUM
Customer: John Doe
Due Date: null
Completion Date: null

16:04:43.077 [main] INFO  com.solvd.laba.lecture2.app.Main - Search Results for 'Dev':
16:04:43.077 [main] INFO  com.solvd.laba.lecture2.app.Main - Developer: Dev 1, Salary: 1300.0
16:04:43.077 [main] INFO  com.solvd.laba.lecture2.app.Main - Developer: Dev 2, Salary: 1620.0
16:04:43.078 [main] INFO  com.solvd.laba.lecture2.app.Main - Monthly Service Cost for Customer 1: $300.0
16:04:43.082 [main] INFO  com.solvd.laba.lecture2.app.Main - Customer Information:
Name: John Doe
Email: john.doe@email.com
Phone Number: 123-456-789
Monthly Service Cost: $300.0
16:04:43.083 [main] INFO  com.solvd.laba.lecture2.app.Main - 
Updated Team Members:
16:04:43.083 [main] INFO  com.solvd.laba.lecture2.app.Main - Developer: Dev 2, Salary: 1620.0
16:04:43.083 [main] INFO  com.solvd.laba.lecture2.app.Main - Tester: Tester, Salary: 1000.0
16:04:43.083 [main] INFO  com.solvd.laba.lecture2.app.Main - Project Manager: Project Manager, Salary: 2200.0
16:04:43.083 [main] INFO  com.solvd.laba.lecture2.app.Main - Evaluate Performance for Developer 1: 4.0
16:04:43.084 [main] INFO  com.solvd.laba.lecture2.app.Main - Evaluate Performance for Developer 2: 3.0
16:04:43.084 [main] INFO  com.solvd.laba.lecture2.app.Main - Evaluate Performance for Project Manager: 5.0
16:04:43.084 [main] INFO  com.solvd.laba.lecture2.app.Main - Evaluate Performance for Tester: 4.0
16:04:43.089 [main] INFO  com.solvd.laba.lecture2.app.Main - Current projects: 1
16:04:43.089 [main] INFO  com.solvd.laba.lecture2.app.Main - Application completed.
16:47:06.413 [main] INFO  com.solvd.laba.lecture2.app.Main - Application started.
16:47:06.435 [main] INFO  com.solvd.laba.lecture2.app.Main - Project Cost: 10180.0
16:47:06.435 [main] INFO  com.solvd.laba.lecture2.app.Main - Project Information:
16:47:06.435 [main] INFO  com.solvd.laba.lecture2.app.Main - Project Name: Project Name
Project Description: Project Description
Project Size: MEDIUM
Customer: John Doe
Due Date: null
Completion Date: null

16:47:06.436 [main] INFO  com.solvd.laba.lecture2.app.Main - Search Results for 'Dev':
16:47:06.436 [main] INFO  com.solvd.laba.lecture2.app.Main - Developer: Dev 1, Salary: 1300.0
16:47:06.436 [main] INFO  com.solvd.laba.lecture2.app.Main - Developer: Dev 2, Salary: 1620.0
16:47:06.437 [main] INFO  com.solvd.laba.lecture2.app.Main - Monthly Service Cost for Customer 1: $300.0
16:47:06.444 [main] INFO  com.solvd.laba.lecture2.app.Main - Customer Information:
Name: John Doe
Email: john.doe@email.com
Phone Number: 123-456-789
Monthly Service Cost: $300.0
16:47:06.444 [main] INFO  com.solvd.laba.lecture2.app.Main - 
Updated Team Members:
16:47:06.445 [main] INFO  com.solvd.laba.lecture2.app.Main - Developer: Dev 2, Salary: 1620.0
16:47:06.445 [main] INFO  com.solvd.laba.lecture2.app.Main - Tester: Tester, Salary: 1000.0
16:47:06.445 [main] INFO  com.solvd.laba.lecture2.app.Main - Project Manager: Project Manager, Salary: 2200.0
16:47:06.445 [main] INFO  com.solvd.laba.lecture2.app.Main - Evaluate Performance for Developer 1: 4.0
16:47:06.445 [main] INFO  com.solvd.laba.lecture2.app.Main - Evaluate Performance for Developer 2: 3.0
16:47:06.446 [main] INFO  com.solvd.laba.lecture2.app.Main - Evaluate Performance for Project Manager: 5.0
16:47:06.446 [main] INFO  com.solvd.laba.lecture2.app.Main - Evaluate Performance for Tester: 4.0
16:47:06.450 [main] INFO  com.solvd.laba.lecture2.app.Main - Current projects: 1
16:47:06.450 [main] INFO  com.solvd.laba.lecture2.app.Main - Application completed.
21:40:56.745 [main] INFO  com.solvd.laba.lecture2.app.Main - Application started.
21:40:56.800 [main] INFO  com.solvd.laba.lecture2.app.Main - Project Cost: 10180.0
21:40:56.800 [main] INFO  com.solvd.laba.lecture2.app.Main - Project Information:
21:40:56.800 [main] INFO  com.solvd.laba.lecture2.app.Main - Project Name: Project Name
Project Description: Project Description
Project Size: MEDIUM
Customer: John Doe
Due Date: null
Completion Date: null

21:40:56.800 [main] INFO  com.solvd.laba.lecture2.app.Main - Search Results for 'Dev':
21:40:56.801 [main] INFO  com.solvd.laba.lecture2.app.Main - Developer: Dev 1, Salary: 1300.0
21:40:56.801 [main] INFO  com.solvd.laba.lecture2.app.Main - Developer: Dev 2, Salary: 1620.0
21:40:56.801 [main] INFO  com.solvd.laba.lecture2.app.Main - Developer: Dev 3, Salary: 0.0
21:40:56.801 [main] INFO  com.solvd.laba.lecture2.app.Main - Monthly Service Cost for Customer 1: $300.0
21:40:56.805 [main] INFO  com.solvd.laba.lecture2.app.Main - Customer Information:
Name: John Doe
Email: john.doe@email.com
Phone Number: 123-456-789
Monthly Service Cost: $300.0
21:40:56.805 [main] INFO  com.solvd.laba.lecture2.app.Main - 
Updated Team Members:
21:40:56.806 [main] INFO  com.solvd.laba.lecture2.app.Main - Developer: Dev 2, Salary: 1620.0
21:40:56.806 [main] INFO  com.solvd.laba.lecture2.app.Main - Tester: Tester, Salary: 1000.0
21:40:56.806 [main] INFO  com.solvd.laba.lecture2.app.Main - Project Manager: Project Manager, Salary: 2200.0
21:40:56.806 [main] INFO  com.solvd.laba.lecture2.app.Main - Evaluate Performance for Developer 1: 4.0
21:40:56.806 [main] INFO  com.solvd.laba.lecture2.app.Main - Evaluate Performance for Developer 2: 3.0
21:40:56.806 [main] INFO  com.solvd.laba.lecture2.app.Main - Evaluate Performance for Project Manager: 5.0
21:40:56.806 [main] INFO  com.solvd.laba.lecture2.app.Main - Evaluate Performance for Tester: 4.0
21:40:56.816 [main] INFO  com.solvd.laba.lecture2.app.Main - Current projects: 1
21:40:56.817 [main] INFO  com.solvd.laba.lecture2.app.Main - Application completed.
21:41:16.778 [main] INFO  com.solvd.laba.lecture2.app.Main - Application started.
21:41:16.799 [main] INFO  com.solvd.laba.lecture2.app.Main - Project Cost: 10180.0
21:41:16.799 [main] INFO  com.solvd.laba.lecture2.app.Main - Project Information:
21:41:16.799 [main] INFO  com.solvd.laba.lecture2.app.Main - Project Name: Project Name
Project Description: Project Description
Project Size: MEDIUM
Customer: John Doe
Due Date: null
Completion Date: null

21:41:16.799 [main] INFO  com.solvd.laba.lecture2.app.Main - Search Results for 'Dev':
21:41:16.799 [main] INFO  com.solvd.laba.lecture2.app.Main - Developer: Dev 1, Salary: 1300.0
21:41:16.800 [main] INFO  com.solvd.laba.lecture2.app.Main - Developer: Dev 2, Salary: 1620.0
21:41:16.800 [main] INFO  com.solvd.laba.lecture2.app.Main - Monthly Service Cost for Customer 1: $300.0
21:41:16.805 [main] INFO  com.solvd.laba.lecture2.app.Main - Customer Information:
Name: John Doe
Email: john.doe@email.com
Phone Number: 123-456-789
Monthly Service Cost: $300.0
21:41:16.805 [main] INFO  com.solvd.laba.lecture2.app.Main - 
Updated Team Members:
21:41:16.805 [main] INFO  com.solvd.laba.lecture2.app.Main - Developer: Dev 2, Salary: 1620.0
21:41:16.805 [main] INFO  com.solvd.laba.lecture2.app.Main - Tester: Tester, Salary: 1000.0
21:41:16.805 [main] INFO  com.solvd.laba.lecture2.app.Main - Project Manager: Project Manager, Salary: 2200.0
21:41:16.805 [main] INFO  com.solvd.laba.lecture2.app.Main - Evaluate Performance for Developer 1: 4.0
21:41:16.806 [main] INFO  com.solvd.laba.lecture2.app.Main - Evaluate Performance for Developer 2: 3.0
21:41:16.806 [main] INFO  com.solvd.laba.lecture2.app.Main - Evaluate Performance for Project Manager: 5.0
21:41:16.806 [main] INFO  com.solvd.laba.lecture2.app.Main - Evaluate Performance for Tester: 4.0
21:41:16.810 [main] INFO  com.solvd.laba.lecture2.app.Main - Current projects: 1
21:41:16.811 [main] INFO  com.solvd.laba.lecture2.app.Main - Application completed.
21:41:27.277 [main] INFO  com.solvd.laba.lecture2.app.Main - Application started.
21:41:27.288 [main] INFO  com.solvd.laba.lecture2.app.Main - Project Cost: 10180.0
21:41:27.288 [main] INFO  com.solvd.laba.lecture2.app.Main - Project Information:
21:41:27.288 [main] INFO  com.solvd.laba.lecture2.app.Main - Project Name: Project Name
Project Description: Project Description
Project Size: MEDIUM
Customer: John Doe
Due Date: null
Completion Date: null

21:41:27.289 [main] INFO  com.solvd.laba.lecture2.app.Main - Search Results for 'Dev':
21:41:27.289 [main] INFO  com.solvd.laba.lecture2.app.Main - Developer: Dev 1, Salary: 1300.0
21:41:27.289 [main] INFO  com.solvd.laba.lecture2.app.Main - Developer: Dev 2, Salary: 1620.0
21:41:27.289 [main] INFO  com.solvd.laba.lecture2.app.Main - Developer: Dev 3, Salary: 0.0
21:41:27.289 [main] INFO  com.solvd.laba.lecture2.app.Main - Monthly Service Cost for Customer 1: $300.0
21:41:27.293 [main] INFO  com.solvd.laba.lecture2.app.Main - Customer Information:
Name: John Doe
Email: john.doe@email.com
Phone Number: 123-456-789
Monthly Service Cost: $300.0
21:41:27.293 [main] INFO  com.solvd.laba.lecture2.app.Main - 
Updated Team Members:
21:41:27.293 [main] INFO  com.solvd.laba.lecture2.app.Main - Developer: Dev 2, Salary: 1620.0
21:41:27.293 [main] INFO  com.solvd.laba.lecture2.app.Main - Tester: Tester, Salary: 1000.0
21:41:27.293 [main] INFO  com.solvd.laba.lecture2.app.Main - Project Manager: Project Manager, Salary: 2200.0
21:41:27.294 [main] INFO  com.solvd.laba.lecture2.app.Main - Evaluate Performance for Developer 1: 4.0
21:41:27.294 [main] INFO  com.solvd.laba.lecture2.app.Main - Evaluate Performance for Developer 2: 3.0
21:41:27.294 [main] INFO  com.solvd.laba.lecture2.app.Main - Evaluate Performance for Project Manager: 5.0
21:41:27.294 [main] INFO  com.solvd.laba.lecture2.app.Main - Evaluate Performance for Tester: 4.0
21:41:27.299 [main] INFO  com.solvd.laba.lecture2.app.Main - Current projects: 1
21:41:27.299 [main] INFO  com.solvd.laba.lecture2.app.Main - Application completed.
21:43:37.549 [main] INFO  com.solvd.laba.lecture2.app.Main - Application started.
21:44:31.614 [main] INFO  com.solvd.laba.lecture2.app.Main - Project Cost: 10180.0
21:44:32.438 [main] INFO  com.solvd.laba.lecture2.app.Main - Project Information:
21:44:33.047 [main] INFO  com.solvd.laba.lecture2.app.Main - Project Name: Project Name
Project Description: Project Description
Project Size: MEDIUM
Customer: John Doe
Due Date: null
Completion Date: null

21:44:41.683 [main] INFO  com.solvd.laba.lecture2.app.Main - Search Results for 'Dev':
21:44:42.561 [main] INFO  com.solvd.laba.lecture2.app.Main - Developer: Dev 1, Salary: 1300.0
21:44:43.847 [main] INFO  com.solvd.laba.lecture2.app.Main - Developer: Dev 2, Salary: 1620.0
21:44:44.822 [main] INFO  com.solvd.laba.lecture2.app.Main - Developer: Dev 3, Salary: 0.0
21:44:47.060 [main] INFO  com.solvd.laba.lecture2.app.Main - Monthly Service Cost for Customer 1: $300.0
21:44:47.061 [main] INFO  com.solvd.laba.lecture2.app.Main - Customer Information:
Name: John Doe
Email: john.doe@email.com
Phone Number: 123-456-789
Monthly Service Cost: $300.0
21:44:47.062 [main] INFO  com.solvd.laba.lecture2.app.Main - 
Updated Team Members:
21:44:47.063 [main] INFO  com.solvd.laba.lecture2.app.Main - Developer: Dev 2, Salary: 1620.0
21:44:47.063 [main] INFO  com.solvd.laba.lecture2.app.Main - Tester: Tester, Salary: 1000.0
21:44:47.063 [main] INFO  com.solvd.laba.lecture2.app.Main - Project Manager: Project Manager, Salary: 2200.0
21:44:47.064 [main] INFO  com.solvd.laba.lecture2.app.Main - Evaluate Performance for Developer 1: 4.0
21:44:47.065 [main] INFO  com.solvd.laba.lecture2.app.Main - Evaluate Performance for Developer 2: 3.0
21:44:47.066 [main] INFO  com.solvd.laba.lecture2.app.Main - Evaluate Performance for Project Manager: 5.0
21:44:47.067 [main] INFO  com.solvd.laba.lecture2.app.Main - Evaluate Performance for Tester: 4.0
21:44:47.095 [main] INFO  com.solvd.laba.lecture2.app.Main - Current projects: 1
21:44:47.096 [main] INFO  com.solvd.laba.lecture2.app.Main - Application completed.
21:52:36.082 [main] INFO  com.solvd.laba.lecture2.app.Main - Application started.
21:52:36.098 [main] INFO  com.solvd.laba.lecture2.app.Main - Project Cost: 10180.0
21:52:36.098 [main] INFO  com.solvd.laba.lecture2.app.Main - Project Information:
21:52:36.098 [main] INFO  com.solvd.laba.lecture2.app.Main - Project Name: Project Name
Project Description: Project Description
Project Size: MEDIUM
Customer: John Doe
Due Date: null
Completion Date: null

21:52:36.098 [main] INFO  com.solvd.laba.lecture2.app.Main - Search Results for 'Dev':
21:52:36.099 [main] INFO  com.solvd.laba.lecture2.app.Main - Developer: Dev 1, Salary: 1300.0
21:52:36.099 [main] INFO  com.solvd.laba.lecture2.app.Main - Developer: Dev 2, Salary: 1620.0
21:52:36.099 [main] INFO  com.solvd.laba.lecture2.app.Main - Developer: Dev 3, Salary: 0.0
21:52:36.099 [main] INFO  com.solvd.laba.lecture2.app.Main - Monthly Service Cost for Customer 1: $300.0
21:52:36.103 [main] INFO  com.solvd.laba.lecture2.app.Main - Customer Information:
Name: John Doe
Email: john.doe@email.com
Phone Number: 123-456-789
Monthly Service Cost: $300.0
21:52:36.103 [main] INFO  com.solvd.laba.lecture2.app.Main - 
Updated Team Members:
21:52:36.104 [main] INFO  com.solvd.laba.lecture2.app.Main - Developer: Dev 2, Salary: 1620.0
21:52:36.104 [main] INFO  com.solvd.laba.lecture2.app.Main - Tester: Tester, Salary: 1000.0
21:52:36.104 [main] INFO  com.solvd.laba.lecture2.app.Main - Project Manager: Project Manager, Salary: 2200.0
21:52:36.104 [main] INFO  com.solvd.laba.lecture2.app.Main - Evaluate Performance for Developer 1: 4.0
21:52:36.104 [main] INFO  com.solvd.laba.lecture2.app.Main - Evaluate Performance for Developer 2: 3.0
21:52:36.104 [main] INFO  com.solvd.laba.lecture2.app.Main - Evaluate Performance for Project Manager: 5.0
21:52:36.104 [main] INFO  com.solvd.laba.lecture2.app.Main - Evaluate Performance for Tester: 4.0
21:52:36.108 [main] INFO  com.solvd.laba.lecture2.app.Main - Current projects: 1
21:52:36.108 [main] INFO  com.solvd.laba.lecture2.app.Main - Application completed.
21:55:42.015 [main] INFO  com.solvd.laba.lecture2.app.Main - Application started.
21:55:42.027 [main] INFO  com.solvd.laba.lecture2.app.Main - Project Cost: 10180.0
21:55:42.027 [main] INFO  com.solvd.laba.lecture2.app.Main - Project Information:
21:55:42.027 [main] INFO  com.solvd.laba.lecture2.app.Main - Project Name: Project Name
Project Description: Project Description
Project Size: MEDIUM
Customer: John Doe
Due Date: null
Completion Date: null

21:55:42.028 [main] INFO  com.solvd.laba.lecture2.app.Main - Search Results for 'Dev':
21:55:42.028 [main] INFO  com.solvd.laba.lecture2.app.Main - Developer: Dev 1, Salary: 1300.0
21:55:42.028 [main] INFO  com.solvd.laba.lecture2.app.Main - Developer: Dev 2, Salary: 1620.0
21:55:42.028 [main] INFO  com.solvd.laba.lecture2.app.Main - Developer: Dev 3, Salary: 1620.0
21:55:42.029 [main] INFO  com.solvd.laba.lecture2.app.Main - Monthly Service Cost for Customer 1: $300.0
21:55:42.033 [main] INFO  com.solvd.laba.lecture2.app.Main - Customer Information:
Name: John Doe
Email: john.doe@email.com
Phone Number: 123-456-789
Monthly Service Cost: $300.0
21:55:42.033 [main] INFO  com.solvd.laba.lecture2.app.Main - 
Updated Team Members:
21:55:42.033 [main] INFO  com.solvd.laba.lecture2.app.Main - Developer: Dev 2, Salary: 1620.0
21:55:42.033 [main] INFO  com.solvd.laba.lecture2.app.Main - Tester: Tester, Salary: 1000.0
21:55:42.033 [main] INFO  com.solvd.laba.lecture2.app.Main - Project Manager: Project Manager, Salary: 2200.0
21:55:42.034 [main] INFO  com.solvd.laba.lecture2.app.Main - Evaluate Performance for Developer 1: 4.0
21:55:42.034 [main] INFO  com.solvd.laba.lecture2.app.Main - Evaluate Performance for Developer 2: 3.0
21:55:42.034 [main] INFO  com.solvd.laba.lecture2.app.Main - Evaluate Performance for Project Manager: 5.0
21:55:42.034 [main] INFO  com.solvd.laba.lecture2.app.Main - Evaluate Performance for Tester: 4.0
21:55:42.038 [main] INFO  com.solvd.laba.lecture2.app.Main - Current projects: 1
21:55:42.038 [main] INFO  com.solvd.laba.lecture2.app.Main - Application completed.
12:51:39.750 [main] INFO  com.solvd.laba.lecture2.app.Main - Application started.
12:51:39.819 [main] INFO  com.solvd.laba.lecture2.app.Main - Project Cost: 19180.0
12:51:39.820 [main] INFO  com.solvd.laba.lecture2.app.Main - Project Information:
12:51:39.820 [main] INFO  com.solvd.laba.lecture2.app.Main - Project Name: Project Name
Project Description: Project Description
Project Size: MEDIUM
Customer: John Doe
Due Date: 2023-11-17
Completion Date: 2023-12-31

12:51:39.820 [main] INFO  com.solvd.laba.lecture2.app.Main - Search Results for 'Dev':
12:51:39.820 [main] INFO  com.solvd.laba.lecture2.app.Main - Developer: Dev 1, Salary: 2800.0
12:51:39.820 [main] INFO  com.solvd.laba.lecture2.app.Main - Developer: Dev 2, Salary: 3120.0
12:51:39.821 [main] INFO  com.solvd.laba.lecture2.app.Main - Developer: Dev 3, Salary: 1620.0
12:51:39.822 [main] INFO  com.solvd.laba.lecture2.app.Main - Monthly Service Cost for Customer 1: $300.0
12:51:39.827 [main] INFO  com.solvd.laba.lecture2.app.Main - Customer Information:
Name: John Doe
Email: john.doe@email.com
Phone Number: 123-456-789
Monthly Service Cost: $300.0
12:51:39.827 [main] INFO  com.solvd.laba.lecture2.app.Main - 
Updated Team Members:
12:51:39.827 [main] INFO  com.solvd.laba.lecture2.app.Main - Developer: Dev 2, Salary: 3120.0
12:51:39.827 [main] INFO  com.solvd.laba.lecture2.app.Main - Tester: Tester, Salary: 2500.0
12:51:39.828 [main] INFO  com.solvd.laba.lecture2.app.Main - Project Manager: Project Manager, Salary: 3700.0
12:51:39.828 [main] INFO  com.solvd.laba.lecture2.app.Main - Evaluate Performance for Developer 1: 4.0
12:51:39.828 [main] INFO  com.solvd.laba.lecture2.app.Main - Evaluate Performance for Developer 2: 3.0
12:51:39.828 [main] INFO  com.solvd.laba.lecture2.app.Main - Evaluate Performance for Project Manager: 5.0
12:51:39.829 [main] INFO  com.solvd.laba.lecture2.app.Main - Evaluate Performance for Tester: 4.0
12:51:39.838 [main] INFO  com.solvd.laba.lecture2.app.Main - Current projects: 1
12:51:39.838 [main] INFO  com.solvd.laba.lecture2.app.Main - Application completed.
12:52:40.433 [main] INFO  com.solvd.laba.lecture2.app.Main - Application started.
12:52:40.470 [main] INFO  com.solvd.laba.lecture2.app.Main - Project Cost: 19180.0
12:52:40.470 [main] INFO  com.solvd.laba.lecture2.app.Main - Project Information:
12:52:40.470 [main] INFO  com.solvd.laba.lecture2.app.Main - Project Name: Project Name
Project Description: Project Description
Project Size: MEDIUM
Customer: John Doe
Due Date: 2023-11-17
Completion Date: 2023-12-31

12:52:40.470 [main] INFO  com.solvd.laba.lecture2.app.Main - Search Results for 'Dev':
12:52:40.471 [main] INFO  com.solvd.laba.lecture2.app.Main - Developer: Dev 1, Salary: 2800.0
12:52:40.471 [main] INFO  com.solvd.laba.lecture2.app.Main - Developer: Dev 2, Salary: 3120.0
12:52:40.471 [main] INFO  com.solvd.laba.lecture2.app.Main - Developer: Dev 3, Salary: 1620.0
12:52:40.472 [main] INFO  com.solvd.laba.lecture2.app.Main - Monthly Service Cost for Customer 1: $300.0
12:52:40.476 [main] INFO  com.solvd.laba.lecture2.app.Main - Customer Information:
Name: John Doe
Email: john.doe@email.com
Phone Number: 123-456-789
Monthly Service Cost: $300.0
12:52:40.477 [main] INFO  com.solvd.laba.lecture2.app.Main - 
Updated Team Members:
12:52:40.477 [main] INFO  com.solvd.laba.lecture2.app.Main - Developer: Dev 2, Salary: 3120.0
12:52:40.477 [main] INFO  com.solvd.laba.lecture2.app.Main - Tester: Tester, Salary: 2500.0
12:52:40.477 [main] INFO  com.solvd.laba.lecture2.app.Main - Project Manager: Project Manager, Salary: 3700.0
12:52:40.477 [main] INFO  com.solvd.laba.lecture2.app.Main - Evaluate Performance for Developer 1: 4.0
12:52:40.477 [main] INFO  com.solvd.laba.lecture2.app.Main - Evaluate Performance for Developer 2: 3.0
12:52:40.478 [main] INFO  com.solvd.laba.lecture2.app.Main - Evaluate Performance for Project Manager: 5.0
12:52:40.478 [main] INFO  com.solvd.laba.lecture2.app.Main - Evaluate Performance for Tester: 4.0
12:52:40.483 [main] INFO  com.solvd.laba.lecture2.app.Main - Current projects: 1
12:52:40.483 [main] INFO  com.solvd.laba.lecture2.app.Main - Application completed.
12:52:43.094 [main] INFO  com.solvd.laba.lecture2.app.Main - Application started.
12:53:48.641 [main] INFO  com.solvd.laba.lecture2.app.Main - Project Cost: 19180.0
12:53:55.785 [main] INFO  com.solvd.laba.lecture2.app.Main - Project Information:
12:53:56.669 [main] INFO  com.solvd.laba.lecture2.app.Main - Project Name: Project Name
Project Description: Project Description
Project Size: MEDIUM
Customer: John Doe
Due Date: 2023-11-17
Completion Date: 2023-12-31

12:54:04.658 [main] INFO  com.solvd.laba.lecture2.app.Main - Search Results for 'Dev':
12:54:05.402 [main] INFO  com.solvd.laba.lecture2.app.Main - Developer: Dev 1, Salary: 2800.0
12:54:06.372 [main] INFO  com.solvd.laba.lecture2.app.Main - Developer: Dev 2, Salary: 3120.0
12:54:06.973 [main] INFO  com.solvd.laba.lecture2.app.Main - Developer: Dev 3, Salary: 1620.0
12:54:08.299 [main] INFO  com.solvd.laba.lecture2.app.Main - Monthly Service Cost for Customer 1: $300.0
12:54:08.533 [main] INFO  com.solvd.laba.lecture2.app.Main - Customer Information:
Name: John Doe
Email: john.doe@email.com
Phone Number: 123-456-789
Monthly Service Cost: $300.0
12:54:08.885 [main] INFO  com.solvd.laba.lecture2.app.Main - 
Updated Team Members:
12:54:09.234 [main] INFO  com.solvd.laba.lecture2.app.Main - Developer: Dev 2, Salary: 3120.0
12:54:09.771 [main] INFO  com.solvd.laba.lecture2.app.Main - Tester: Tester, Salary: 2500.0
12:54:10.299 [main] INFO  com.solvd.laba.lecture2.app.Main - Project Manager: Project Manager, Salary: 3700.0
12:54:11.101 [main] INFO  com.solvd.laba.lecture2.app.Main - Evaluate Performance for Developer 1: 4.0
12:54:11.285 [main] INFO  com.solvd.laba.lecture2.app.Main - Evaluate Performance for Developer 2: 3.0
12:54:11.444 [main] INFO  com.solvd.laba.lecture2.app.Main - Evaluate Performance for Project Manager: 5.0
12:54:11.610 [main] INFO  com.solvd.laba.lecture2.app.Main - Evaluate Performance for Tester: 4.0
12:54:12.534 [main] INFO  com.solvd.laba.lecture2.app.Main - Current projects: 1
12:54:12.713 [main] INFO  com.solvd.laba.lecture2.app.Main - Application completed.
13:15:27.878 [main] INFO  com.solvd.laba.lecture2.app.Main - Application started.
13:17:35.655 [main] INFO  com.solvd.laba.lecture2.app.Main - Application started.
13:17:46.928 [main] INFO  com.solvd.laba.lecture2.app.Main - Application started.
13:17:46.975 [main] INFO  com.solvd.laba.lecture2.app.Main - Project Cost: 19180.0
13:17:46.975 [main] INFO  com.solvd.laba.lecture2.app.Main - Project Information:
13:17:46.975 [main] INFO  com.solvd.laba.lecture2.app.Main - Project Name: Project Name
Project Description: Project Description
Project Size: MEDIUM
Customer: John Doe
Due Date: 2023-11-17
Completion Date: 2023-12-31

13:17:46.976 [main] INFO  com.solvd.laba.lecture2.app.Main - Search Results for 'Dev':
13:17:46.976 [main] INFO  com.solvd.laba.lecture2.app.Main - Developer: Dev 1, Salary: 2800.0
13:17:46.976 [main] INFO  com.solvd.laba.lecture2.app.Main - Developer: Dev 2, Salary: 3120.0
13:17:46.976 [main] INFO  com.solvd.laba.lecture2.app.Main - Developer: Dev 3, Salary: 1620.0
13:17:46.976 [main] INFO  com.solvd.laba.lecture2.app.Main - Monthly Service Cost for Customer 1: $300.0
13:17:46.979 [main] INFO  com.solvd.laba.lecture2.app.Main - Customer Information:
Name: John Doe
Email: john.doe@email.com
Phone Number: 123-456-789
Monthly Service Cost: $300.0
13:17:46.980 [main] INFO  com.solvd.laba.lecture2.app.Main - 
Updated Team Members:
13:17:46.980 [main] INFO  com.solvd.laba.lecture2.app.Main - Developer: Dev 2, Salary: 3120.0
13:17:46.980 [main] INFO  com.solvd.laba.lecture2.app.Main - Tester: Tester, Salary: 2500.0
13:17:46.980 [main] INFO  com.solvd.laba.lecture2.app.Main - Project Manager: Project Manager, Salary: 3700.0
13:17:46.980 [main] INFO  com.solvd.laba.lecture2.app.Main - Evaluate Performance for Developer 1: 4.0
13:17:46.980 [main] INFO  com.solvd.laba.lecture2.app.Main - Evaluate Performance for Developer 2: 3.0
13:17:46.980 [main] INFO  com.solvd.laba.lecture2.app.Main - Evaluate Performance for Project Manager: 5.0
13:17:46.981 [main] INFO  com.solvd.laba.lecture2.app.Main - Evaluate Performance for Tester: 4.0
13:17:46.988 [main] INFO  com.solvd.laba.lecture2.app.Main - Current projects: 1
13:17:46.988 [main] INFO  com.solvd.laba.lecture2.app.Main - Application completed.
13:24:29.104 [main] INFO  com.solvd.laba.lecture2.app.Main - Application started.
13:24:29.134 [main] INFO  com.solvd.laba.lecture2.app.Main - Project Cost: 19180.0
13:24:29.134 [main] INFO  com.solvd.laba.lecture2.app.Main - Project Information:
13:24:29.134 [main] INFO  com.solvd.laba.lecture2.app.Main - Project Name: Project Name
Project Description: Project Description
Project Size: MEDIUM
Customer: John Doe
Due Date: 2023-11-17
Completion Date: 2023-12-31

13:24:29.135 [main] INFO  com.solvd.laba.lecture2.app.Main - Search Results for 'Dev':
13:24:29.135 [main] INFO  com.solvd.laba.lecture2.app.Main - Developer: Dev 1, Salary: 2800.0
13:24:29.135 [main] INFO  com.solvd.laba.lecture2.app.Main - Developer: Dev 2, Salary: 3120.0
13:24:29.135 [main] INFO  com.solvd.laba.lecture2.app.Main - Developer: Dev 3, Salary: 1620.0
13:24:29.137 [main] INFO  com.solvd.laba.lecture2.app.Main - Monthly Service Cost for Customer 1: $300.0
13:24:29.142 [main] INFO  com.solvd.laba.lecture2.app.Main - Customer Information:
Name: John Doe
Email: john.doe@email.com
Phone Number: 123-456-789
Monthly Service Cost: $300.0
13:24:29.142 [main] INFO  com.solvd.laba.lecture2.app.Main - 
Updated Team Members:
13:24:29.143 [main] INFO  com.solvd.laba.lecture2.app.Main - Developer: Dev 2, Salary: 3120.0
13:24:29.143 [main] INFO  com.solvd.laba.lecture2.app.Main - Tester: Tester, Salary: 2500.0
13:24:29.143 [main] INFO  com.solvd.laba.lecture2.app.Main - Project Manager: Project Manager, Salary: 3700.0
13:24:29.143 [main] INFO  com.solvd.laba.lecture2.app.Main - Evaluate Performance for Developer 1: 4.0
13:24:29.144 [main] INFO  com.solvd.laba.lecture2.app.Main - Evaluate Performance for Developer 2: 3.0
13:24:29.144 [main] INFO  com.solvd.laba.lecture2.app.Main - Evaluate Performance for Project Manager: 5.0
13:24:29.144 [main] INFO  com.solvd.laba.lecture2.app.Main - Evaluate Performance for Tester: 4.0
13:24:29.149 [main] INFO  com.solvd.laba.lecture2.app.Main - Current projects: 1
13:24:29.149 [main] INFO  com.solvd.laba.lecture2.app.Main - Application completed.
